\BOOKMARK [1][-]{section.1}{1 背景 -- 自律機械とは?}{}% 1
\BOOKMARK [2][-]{subsection.1.1}{1.1 誰?}{section.1}% 2
\BOOKMARK [3][-]{subsubsection.1.1.1}{1.1.1 誰?}{subsection.1.1}% 3
\BOOKMARK [3][-]{subsubsection.1.1.2}{1.1.2 誰?}{subsection.1.1}% 4
\BOOKMARK [3][-]{subsubsection.1.1.3}{1.1.3 誰?}{subsection.1.1}% 5
\BOOKMARK [3][-]{subsubsection.1.1.4}{1.1.4 誰?}{subsection.1.1}% 6
\BOOKMARK [3][-]{subsubsection.1.1.5}{1.1.5 誰?}{subsection.1.1}% 7
\BOOKMARK [3][-]{subsubsection.1.1.6}{1.1.6 誰?}{subsection.1.1}% 8
\BOOKMARK [3][-]{subsubsection.1.1.7}{1.1.7 誰?}{subsection.1.1}% 9
\BOOKMARK [2][-]{subsection.1.2}{1.2 なぜ自律機械? 社会的意義 ― 例えば、操縦士が足りない!}{section.1}% 10
\BOOKMARK [3][-]{subsubsection.1.2.1}{1.2.1 「人」は簡単に増やせない -- Human Resource and Training}{subsection.1.2}% 11
\BOOKMARK [2][-]{subsection.1.3}{1.3 知的機械の「クラス」}{section.1}% 12
\BOOKMARK [3][-]{subsubsection.1.3.1}{1.3.1 知的機械の「クラス」}{subsection.1.3}% 13
\BOOKMARK [3][-]{subsubsection.1.3.2}{1.3.2 知的機械の「クラス」}{subsection.1.3}% 14
\BOOKMARK [3][-]{subsubsection.1.3.3}{1.3.3 目的達成型機械}{subsection.1.3}% 15
\BOOKMARK [2][-]{subsection.1.4}{1.4 目的達成型知能のための自動プランナ \(≠ モータ制御\)}{section.1}% 16
\BOOKMARK [3][-]{subsubsection.1.4.1}{1.4.1 目的達成型知能のための自動プランナ \(≠ モータ制御\)}{subsection.1.4}% 17
\BOOKMARK [3][-]{subsubsection.1.4.2}{1.4.2 目的達成型知能のための自動プランナ \(≠ モータ制御\)}{subsection.1.4}% 18
\BOOKMARK [2][-]{subsection.1.5}{1.5 プランニング\(自動行動計画\)分野の位置づけ}{section.1}% 19
\BOOKMARK [1][-]{section.2}{2 査読論文実績 \(抜粋\)}{}% 20
\BOOKMARK [2][-]{subsection.2.1}{2.1 業績1: 査読付き国際学会 ICAPS14 \(採択率33\045\) \(IHI共同研究\)}{section.2}% 21
\BOOKMARK [2][-]{subsection.2.2}{2.2 業績2: 査読付き国際学会 ICAPS15 \(採択率33\045\)}{section.2}% 22
\BOOKMARK [2][-]{subsection.2.3}{2.3 業績3: 査読付き国際学会 AAAI16 \(採択率26\045\)}{section.2}% 23
\BOOKMARK [2][-]{subsection.2.4}{2.4 業績4: 査読付き論文誌 JAIR \(採択率12\045\)}{section.2}% 24
\BOOKMARK [2][-]{subsection.2.5}{2.5 業績5: 査読付き国際学会 ICAPS17 \(採択率33\045\)}{section.2}% 25
\BOOKMARK [2][-]{subsection.2.6}{2.6 業績6: 査読付き国際学会 IJCAI17 \(採択率25\045\) \(IBM共同研究\)}{section.2}% 26
\BOOKMARK [1][-]{section.3}{3 産業技術総合研究所で行いたい研究}{}% 27
\BOOKMARK [1][-]{section.4}{4 深層学習}{}% 28
\BOOKMARK [2][-]{subsection.4.1}{4.1 認知タスクで人間に匹敵する精度}{section.4}% 29
\BOOKMARK [2][-]{subsection.4.2}{4.2 認知タスクで人間に匹敵する精度}{section.4}% 30
\BOOKMARK [2][-]{subsection.4.3}{4.3 ニューラルネットの役割}{section.4}% 31
\BOOKMARK [2][-]{subsection.4.4}{4.4 知的機械を作る上で深層学習の果たす役割}{section.4}% 32
\BOOKMARK [2][-]{subsection.4.5}{4.5 知的機械を作る上で深層学習の果たす役割}{section.4}% 33
\BOOKMARK [1][-]{section.5}{5 記号的AI}{}% 34
\BOOKMARK [2][-]{subsection.5.1}{5.1 Q. 深層学習と 記号的AI はどう違う?}{section.5}% 35
\BOOKMARK [2][-]{subsection.5.2}{5.2 既存の有名システム}{section.5}% 36
\BOOKMARK [2][-]{subsection.5.3}{5.3 記号的AIによる論理推論の重要性}{section.5}% 37
\BOOKMARK [1][-]{section.6}{6 業績7: 査読付きワークショップ KEPS \(採択率60\045\)}{}% 38
\BOOKMARK [2][-]{subsection.6.1}{6.1 業績7: 査読付きワークショップ KEPS \(採択率60\045\)}{section.6}% 39
\BOOKMARK [2][-]{subsection.6.2}{6.2 業績7: 査読付きワークショップ KEPS \(採択率60\045\)}{section.6}% 40
\BOOKMARK [2][-]{subsection.6.3}{6.3 業績7: 査読付きワークショップ KEPS \(採択率60\045\)}{section.6}% 41
\BOOKMARK [2][-]{subsection.6.4}{6.4 業績7: 査読付きワークショップ KEPS \(採択率60\045\)}{section.6}% 42
\BOOKMARK [2][-]{subsection.6.5}{6.5 }{section.6}% 43
\BOOKMARK [1][-]{section.7}{7 今後の研究計画}{}% 44
\BOOKMARK [1][-]{section.8}{8 産業応用: 記号的推論により様々な分野にブレークスルー}{}% 45
\BOOKMARK [1][-]{section.9}{9 産業応用: 記号的推論により様々な分野にブレークスルー}{}% 46
\BOOKMARK [1][-]{section.10}{10 まとめ}{}% 47
\BOOKMARK [1][-]{section.11}{11 付録}{}% 48
\BOOKMARK [2][-]{subsection.11.1}{11.1 既存システムとの違い \(追加\)}{section.11}% 49
\BOOKMARK [2][-]{subsection.11.2}{11.2 Learning from Observation との違い}{section.11}% 50
\BOOKMARK [2][-]{subsection.11.3}{11.3 AIプランニングの Killer App}{section.11}% 51
\BOOKMARK [2][-]{subsection.11.4}{11.4 古典プランニング問題 \(決定的,完全情報\) -- Blocksworld}{section.11}% 52
\BOOKMARK [2][-]{subsection.11.5}{11.5 古典プランニングを研究する意義は?}{section.11}% 53
\BOOKMARK [2][-]{subsection.11.6}{11.6 AIの倫理について}{section.11}% 54
\BOOKMARK [2][-]{subsection.11.7}{11.7 Gumbel-Softmax}{section.11}% 55
\BOOKMARK [2][-]{subsection.11.8}{11.8 ディープラーニング関連・LatPlan実装}{section.11}% 56
\BOOKMARK [2][-]{subsection.11.9}{11.9 第五世代コンピュータとの違いは?}{section.11}% 57
\BOOKMARK [2][-]{subsection.11.10}{11.10 Explicit Graph と Implicit Graph との違い}{section.11}% 58
\BOOKMARK [2][-]{subsection.11.11}{11.11 似たような研究は誰がやっていますか どこでやられていますか}{section.11}% 59
\BOOKMARK [2][-]{subsection.11.12}{11.12 国内で誰が似たようなことをやっているか}{section.11}% 60
\BOOKMARK [2][-]{subsection.11.13}{11.13 汎用性を失わずに解く?}{section.11}% 61
\BOOKMARK [2][-]{subsection.11.14}{11.14 その研究は…}{section.11}% 62
\BOOKMARK [2][-]{subsection.11.15}{11.15 HTN と ICAPS-15 の違い}{section.11}% 63
\BOOKMARK [2][-]{subsection.11.16}{11.16 Q\046A}{section.11}% 64
